<?xml version="1.0" encoding="UTF-8"?>
<!-- Generated by org.testng.reporters.JUnitXMLReporter -->
<testsuite ignored="0" hostname="DESKTOP-IC09F9E" failures="0" tests="2" name="Login and SignUp Test" time="46.687" errors="0" timestamp="2025-10-20T01:42:28 IST">
  <testcase classname="io.cucumber.testng.AbstractTestNGCucumberTests" name="runScenario" time="10.782"/>
  <testcase classname="io.cucumber.testng.AbstractTestNGCucumberTests" name="runScenario" time="35.215"/>
</testsuite> <!-- Login and SignUp Test -->
