<?xml version="1.0" encoding="UTF-8"?>
<!-- Generated by org.testng.reporters.JUnitXMLReporter -->
<testsuite ignored="0" hostname="DESKTOP-IC09F9E" failures="0" tests="2" name="Login and SignUp Test" time="27.545" errors="0" timestamp="2025-10-20T10:33:02 IST">
  <testcase classname="io.cucumber.testng.AbstractTestNGCucumberTests" name="runScenario" time="11.775"/>
  <testcase classname="io.cucumber.testng.AbstractTestNGCucumberTests" name="runScenario" time="14.926"/>
</testsuite> <!-- Login and SignUp Test -->
